<?xml version="1.0" encoding="UTF-8"?>
<!-- Generated by org.testng.reporters.JUnitXMLReporter -->
<testsuite hostname="ZMO-WIN-JyotiM-01" ignored="0" name="Test" tests="6" failures="0" timestamp="07 Dec 2021 12:47:00 GMT" time="0.054" errors="0">
  <testcase name="BrowserAUtomation" time="0.01" classname="maven.mavenJava.seleniumTest"/>
  <testcase name="ElementUI" time="0.0" classname="maven.mavenJava.seleniumTest"/>
  <testcase name="IOSApp" time="0.001" classname="maven.mavenJava.appiumTest"/>
  <testcase name="nativeApp" time="0.001" classname="maven.mavenJava.appiumTest"/>
  <testcase name="deleteTwitter" time="0.002" classname="maven.mavenJava.APITest"/>
  <testcase name="postjira" time="0.001" classname="maven.mavenJava.APITest"/>
</testsuite> <!-- Test -->
